# JRE version: Java(TM) SE Runtime Environment (7.0_67-b01) (build 1.7.0_67-b01)
# Java VM: Java HotSpot(TM) 64-Bit Server VM (24.65-b04 mixed mode windows-amd64 compressed oops)
Heap
 PSYoungGen      total 1091072K, used 251605K [0x00000007aaa80000, 0x00000007fb700000, 0x0000000800000000)
  eden space 1041920K, 22% used [0x00000007aaa80000,0x00000007b9449860,0x00000007ea400000)
  from space 49152K, 24% used [0x00000007ea400000,0x00000007eafebde8,0x00000007ed400000)
  to   space 46080K, 0% used [0x00000007f8a00000,0x00000007f8a00000,0x00000007fb700000)
 ParOldGen       total 868864K, used 756516K [0x0000000700000000, 0x0000000735080000, 0x00000007aaa80000)
  object space 868864K, 87% used [0x0000000700000000,0x000000072e2c9370,0x0000000735080000)
 PSPermGen       total 67584K, used 55454K [0x00000006f0000000, 0x00000006f4200000, 0x0000000700000000)
  object space 67584K, 82% used [0x00000006f0000000,0x00000006f3627848,0x00000006f4200000)
GC Heap History (10 events):
Event: 11373.103 GC heap before
{Heap before GC invocations=224 (full 14):
 PSYoungGen      total 804864K, used 750784K [0x00000007aaa80000, 0x00000007e7280000, 0x0000000800000000)
  eden space 749568K, 100% used [0x00000007aaa80000,0x00000007d8680000,0x00000007d8680000)
  from space 55296K, 2% used [0x00000007d8680000,0x00000007d87b0000,0x00000007dbc80000)
  to   space 54272K, 0% used [0x00000007e3d80000,0x00000007e3d80000,0x00000007e7280000)
 ParOldGen       total 835584K, used 792443K [0x0000000700000000, 0x0000000733000000, 0x00000007aaa80000)
  object space 835584K, 94% used [0x0000000700000000,0x00000007305dee00,0x0000000733000000)
 PSPermGen       total 69632K, used 55483K [0x00000006f0000000, 0x00000006f4400000, 0x0000000700000000)
  object space 69632K, 79% used [0x00000006f0000000,0x00000006f362ef00,0x00000006f4400000)
Event: 11373.115 GC heap after
Heap after GC invocations=224 (full 14):
 PSYoungGen      total 930816K, used 10127K [0x00000007aaa80000, 0x00000007e6c80000, 0x0000000800000000)
  eden space 882688K, 0% used [0x00000007aaa80000,0x00000007aaa80000,0x00000007e0880000)
  from space 48128K, 21% used [0x00000007e3d80000,0x00000007e4763de8,0x00000007e6c80000)
  to   space 51200K, 0% used [0x00000007e0880000,0x00000007e0880000,0x00000007e3a80000)
 ParOldGen       total 835584K, used 792459K [0x0000000700000000, 0x0000000733000000, 0x00000007aaa80000)
  object space 835584K, 94% used [0x0000000700000000,0x00000007305e2e00,0x0000000733000000)
 PSPermGen       total 69632K, used 55483K [0x00000006f0000000, 0x00000006f4400000, 0x0000000700000000)
  object space 69632K, 79% used [0x00000006f0000000,0x00000006f362ef00,0x00000006f4400000)
}
Event: 11374.376 GC heap before
{Heap before GC invocations=225 (full 14):
 PSYoungGen      total 930816K, used 892815K [0x00000007aaa80000, 0x00000007e6c80000, 0x0000000800000000)
  eden space 882688K, 100% used [0x00000007aaa80000,0x00000007e0880000,0x00000007e0880000)
  from space 48128K, 21% used [0x00000007e3d80000,0x00000007e4763de8,0x00000007e6c80000)
  to   space 51200K, 0% used [0x00000007e0880000,0x00000007e0880000,0x00000007e3a80000)
 ParOldGen       total 835584K, used 792459K [0x0000000700000000, 0x0000000733000000, 0x00000007aaa80000)
  object space 835584K, 94% used [0x0000000700000000,0x00000007305e2e00,0x0000000733000000)
 PSPermGen       total 69632K, used 55483K [0x00000006f0000000, 0x00000006f4400000, 0x0000000700000000)
  object space 69632K, 79% used [0x00000006f0000000,0x00000006f362ef00,0x00000006f4400000)
Event: 11374.398 GC heap after
Heap after GC invocations=225 (full 14):
 PSYoungGen      total 933888K, used 22959K [0x00000007aaa80000, 0x00000007f0600000, 0x0000000800000000)
  eden space 882688K, 0% used [0x00000007aaa80000,0x00000007aaa80000,0x00000007e0880000)
  from space 51200K, 44% used [0x00000007e0880000,0x00000007e1eebde8,0x00000007e3a80000)
  to   space 50688K, 0% used [0x00000007ed480000,0x00000007ed480000,0x00000007f0600000)
 ParOldGen       total 835584K, used 796709K [0x0000000700000000, 0x0000000733000000, 0x00000007aaa80000)
  object space 835584K, 95% used [0x0000000700000000,0x0000000730a094b0,0x0000000733000000)
 PSPermGen       total 69632K, used 55483K [0x00000006f0000000, 0x00000006f4400000, 0x0000000700000000)
  object space 69632K, 79% used [0x00000006f0000000,0x00000006f362ef00,0x00000006f4400000)
}
Event: 11375.459 GC heap before
{Heap before GC invocations=226 (full 14):
 PSYoungGen      total 933888K, used 905647K [0x00000007aaa80000, 0x00000007f0600000, 0x0000000800000000)
  eden space 882688K, 100% used [0x00000007aaa80000,0x00000007e0880000,0x00000007e0880000)
  from space 51200K, 44% used [0x00000007e0880000,0x00000007e1eebde8,0x00000007e3a80000)
  to   space 50688K, 0% used [0x00000007ed480000,0x00000007ed480000,0x00000007f0600000)
 ParOldGen       total 835584K, used 796709K [0x0000000700000000, 0x0000000733000000, 0x00000007aaa80000)
  object space 835584K, 95% used [0x0000000700000000,0x0000000730a094b0,0x0000000733000000)
 PSPermGen       total 69632K, used 55483K [0x00000006f0000000, 0x00000006f4400000, 0x0000000700000000)
  object space 69632K, 79% used [0x00000006f0000000,0x00000006f362ef00,0x00000006f4400000)
Event: 11375.477 GC heap after
Heap after GC invocations=226 (full 14):
 PSYoungGen      total 1090560K, used 2624K [0x00000007aaa80000, 0x00000007f0400000, 0x0000000800000000)
  eden space 1041920K, 0% used [0x00000007aaa80000,0x00000007aaa80000,0x00000007ea400000)
  from space 48640K, 5% used [0x00000007ed480000,0x00000007ed710000,0x00000007f0400000)
  to   space 49152K, 0% used [0x00000007ea400000,0x00000007ea400000,0x00000007ed400000)
 ParOldGen       total 835584K, used 816878K [0x0000000700000000, 0x0000000733000000, 0x00000007aaa80000)
  object space 835584K, 97% used [0x0000000700000000,0x0000000731dbb958,0x0000000733000000)
 PSPermGen       total 69632K, used 55483K [0x00000006f0000000, 0x00000006f4400000, 0x0000000700000000)
  object space 69632K, 79% used [0x00000006f0000000,0x00000006f362ef00,0x00000006f4400000)
}
Event: 11375.478 GC heap before
{Heap before GC invocations=227 (full 15):
 PSYoungGen      total 1090560K, used 2624K [0x00000007aaa80000, 0x00000007f0400000, 0x0000000800000000)
  eden space 1041920K, 0% used [0x00000007aaa80000,0x00000007aaa80000,0x00000007ea400000)
  from space 48640K, 5% used [0x00000007ed480000,0x00000007ed710000,0x00000007f0400000)
  to   space 49152K, 0% used [0x00000007ea400000,0x00000007ea400000,0x00000007ed400000)
 ParOldGen       total 835584K, used 816878K [0x0000000700000000, 0x0000000733000000, 0x00000007aaa80000)
  object space 835584K, 97% used [0x0000000700000000,0x0000000731dbb958,0x0000000733000000)
 PSPermGen       total 69632K, used 55483K [0x00000006f0000000, 0x00000006f4400000, 0x0000000700000000)
  object space 69632K, 79% used [0x00000006f0000000,0x00000006f362ef00,0x00000006f4400000)
Event: 11375.813 GC heap after
Heap after GC invocations=227 (full 15):
 PSYoungGen      total 1090560K, used 0K [0x00000007aaa80000, 0x00000007f0400000, 0x0000000800000000)
  eden space 1041920K, 0% used [0x00000007aaa80000,0x00000007aaa80000,0x00000007ea400000)
  from space 48640K, 0% used [0x00000007ed480000,0x00000007ed480000,0x00000007f0400000)
  to   space 49152K, 0% used [0x00000007ea400000,0x00000007ea400000,0x00000007ed400000)
 ParOldGen       total 868864K, used 756516K [0x0000000700000000, 0x0000000735080000, 0x00000007aaa80000)
  object space 868864K, 87% used [0x0000000700000000,0x000000072e2c9370,0x0000000735080000)
 PSPermGen       total 67584K, used 55427K [0x00000006f0000000, 0x00000006f4200000, 0x0000000700000000)
  object space 67584K, 82% used [0x00000006f0000000,0x00000006f3620fb0,0x00000006f4200000)
}
Event: 11377.219 GC heap before
{Heap before GC invocations=228 (full 15):
 PSYoungGen      total 1090560K, used 1041920K [0x00000007aaa80000, 0x00000007f0400000, 0x0000000800000000)
  eden space 1041920K, 100% used [0x00000007aaa80000,0x00000007ea400000,0x00000007ea400000)
  from space 48640K, 0% used [0x00000007ed480000,0x00000007ed480000,0x00000007f0400000)
  to   space 49152K, 0% used [0x00000007ea400000,0x00000007ea400000,0x00000007ed400000)
 ParOldGen       total 868864K, used 756516K [0x0000000700000000, 0x0000000735080000, 0x00000007aaa80000)
  object space 868864K, 87% used [0x0000000700000000,0x000000072e2c9370,0x0000000735080000)
 PSPermGen       total 67584K, used 55428K [0x00000006f0000000, 0x00000006f4200000, 0x0000000700000000)
  object space 67584K, 82% used [0x00000006f0000000,0x00000006f3621380,0x00000006f4200000)
Event: 11377.230 GC heap after
Heap after GC invocations=228 (full 15):
 PSYoungGen      total 1091072K, used 12207K [0x00000007aaa80000, 0x00000007fb700000, 0x0000000800000000)
  eden space 1041920K, 0% used [0x00000007aaa80000,0x00000007aaa80000,0x00000007ea400000)
  from space 49152K, 24% used [0x00000007ea400000,0x00000007eafebde8,0x00000007ed400000)
  to   space 46080K, 0% used [0x00000007f8a00000,0x00000007f8a00000,0x00000007fb700000)
 ParOldGen       total 868864K, used 756516K [0x0000000700000000, 0x0000000735080000, 0x00000007aaa80000)
  object space 868864K, 87% used [0x0000000700000000,0x000000072e2c9370,0x0000000735080000)
 PSPermGen       total 67584K, used 55428K [0x00000006f0000000, 0x00000006f4200000, 0x0000000700000000)
  object space 67584K, 82% used [0x00000006f0000000,0x00000006f3621380,0x00000006f4200000)
}

